[2023-08-15 13:07:56,591] {taskinstance.py:826} INFO - Dependencies all met for <TaskInstance: firstDag.task1 2023-08-15T13:07:30.452499+00:00 [queued]>
[2023-08-15 13:07:56,641] {taskinstance.py:826} INFO - Dependencies all met for <TaskInstance: firstDag.task1 2023-08-15T13:07:30.452499+00:00 [queued]>
[2023-08-15 13:07:56,643] {taskinstance.py:1017} INFO - 
--------------------------------------------------------------------------------
[2023-08-15 13:07:56,645] {taskinstance.py:1018} INFO - Starting attempt 1 of 1
[2023-08-15 13:07:56,647] {taskinstance.py:1019} INFO - 
--------------------------------------------------------------------------------
[2023-08-15 13:07:56,677] {taskinstance.py:1038} INFO - Executing <Task(PythonOperator): task1> on 2023-08-15T13:07:30.452499+00:00
[2023-08-15 13:07:56,683] {standard_task_runner.py:51} INFO - Started process 28084 to run task
[2023-08-15 13:07:56,691] {standard_task_runner.py:75} INFO - Running: ['airflow', 'tasks', 'run', 'firstDag', 'task1', '2023-08-15T13:07:30.452499+00:00', '--job-id', '6', '--pool', 'default_pool', '--raw', '--subdir', 'DAGS_FOLDER/firstDag.py', '--cfg-path', '/tmp/tmpiiuik_rh']
[2023-08-15 13:07:56,698] {standard_task_runner.py:76} INFO - Job 6: Subtask task1
[2023-08-15 13:07:56,808] {logging_mixin.py:103} INFO - Running <TaskInstance: firstDag.task1 2023-08-15T13:07:30.452499+00:00 [running]> on host a7c9a0348f57
[2023-08-15 13:07:56,947] {taskinstance.py:1232} INFO - Exporting the following env vars:
AIRFLOW_CTX_DAG_OWNER=airflow
AIRFLOW_CTX_DAG_ID=firstDag
AIRFLOW_CTX_TASK_ID=task1
AIRFLOW_CTX_EXECUTION_DATE=2023-08-15T13:07:30.452499+00:00
AIRFLOW_CTX_DAG_RUN_ID=manual__2023-08-15T13:07:30.452499+00:00
[2023-08-15 13:07:56,952] {logging_mixin.py:103} INFO - Hello World
[2023-08-15 13:07:56,954] {python.py:118} INFO - Done. Returned value was: None
[2023-08-15 13:07:56,980] {taskinstance.py:1142} INFO - Marking task as SUCCESS. dag_id=firstDag, task_id=task1, execution_date=20230815T130730, start_date=20230815T130756, end_date=20230815T130756
[2023-08-15 13:07:57,059] {taskinstance.py:1195} INFO - 1 downstream tasks scheduled from follow-on schedule check
[2023-08-15 13:07:57,105] {local_task_job.py:118} INFO - Task exited with return code 0
